<?xml version="1.0" encoding="UTF-8"?>
<!-- Generated by org.testng.reporters.JUnitReportReporter -->
<testsuite skipped="0" hostname="LAPTOP-UC6OI2I7" name="testng.TestNGExam" tests="2" failures="0" timestamp="2023-05-07T07:50:33 IST" time="0.013" errors="0">
  <testcase name="tc1" time="0.009" classname="testng.TestNGExam"/>
  <system-out/>
  <testcase name="tc2" time="0.004" classname="testng.TestNGExam"/>
  <system-out/>
</testsuite> <!-- testng.TestNGExam -->
